

*******************************************************************************
Sat May  2 18:47:40 2020


FIT:    data read from "/tmp/tmp.bxJf1JNU3v" using ($1 - 1588428690 ):2
        format = x:z
        x range restricted to ["01/01/70,00:00" : "01/01/70,02:34"]
        #datapoints = 161
        residuals are weighted equally (unit weight)

function used for fitting: f(x)
	f(x) = A+B*x
fitted parameters initialized with current variable values

   5 1.9405890568e+03  -6.64e-06  3.79e-02    1.050467e+02  -7.803581e-03

After 5 iterations the fit converged.
final sum of squares of residuals : 1940.59
rel. change during last iteration : -6.63615e-11

degrees of freedom    (FIT_NDF)                        : 159
rms of residuals      (FIT_STDFIT) = sqrt(WSSR/ndf)    : 3.49356
variance of residuals (reduced chisquare) = WSSR/ndf   : 12.205

Final set of parameters            Asymptotic Standard Error
=======================            ==========================
A               = 105.047          +/- 0.531        (0.5055%)
B               = -0.00780358      +/- 9.91e-05     (1.27%)

correlation matrix of the fit parameters:
                A      B      
A               1.000 
B              -0.855  1.000 
